# JRE version: Java(TM) SE Runtime Environment (17.0.2+8) (build 17.0.2+8-LTS-86)
# Java VM: Java HotSpot(TM) 64-Bit Server VM (17.0.2+8-LTS-86, mixed mode, sharing, tiered, compressed oops, compressed class ptrs, g1 gc, windows-amd64)
GC Precious Log:
 CPUs: 8 total, 8 available
 Memory: 24420M
 Large Page Support: Disabled
 NUMA Support: Disabled
 Compressed Oops: Enabled (Zero based)
 Heap Region Size: 4M
 Heap Min Capacity: 8M
 Heap Initial Capacity: 384M
 Heap Max Capacity: 6108M
 Pre-touch: Disabled
 Parallel Workers: 8
 Concurrent Workers: 2
 Concurrent Refinement Workers: 8
 Periodic GC: Disabled
Heap:
 garbage-first heap   total 81920K, used 22767K [0x0000000682400000, 0x0000000800000000)
  region size 4096K, 4 young (16384K), 2 survivors (8192K)
 Metaspace       used 27972K, committed 28352K, reserved 1081344K
  class space    used 3436K, committed 3648K, reserved 1048576K
GC Heap History (12 events):
Event: 4.273 GC heap before
{Heap before GC invocations=0 (full 0):
 garbage-first heap   total 393216K, used 16384K [0x0000000682400000, 0x0000000800000000)
  region size 4096K, 5 young (20480K), 0 survivors (0K)
 Metaspace       used 6124K, committed 6336K, reserved 1056768K
  class space    used 676K, committed 768K, reserved 1048576K
}
Event: 4.334 GC heap after
{Heap after GC invocations=1 (full 0):
 garbage-first heap   total 393216K, used 7802K [0x0000000682400000, 0x0000000800000000)
  region size 4096K, 1 young (4096K), 1 survivors (4096K)
 Metaspace       used 6124K, committed 6336K, reserved 1056768K
  class space    used 676K, committed 768K, reserved 1048576K
}
Event: 5.576 GC heap before
{Heap before GC invocations=1 (full 0):
 garbage-first heap   total 393216K, used 15994K [0x0000000682400000, 0x0000000800000000)
  region size 4096K, 4 young (16384K), 1 survivors (4096K)
 Metaspace       used 8727K, committed 9024K, reserved 1064960K
  class space    used 1015K, committed 1152K, reserved 1048576K
}
Event: 5.589 GC heap after
{Heap after GC invocations=2 (full 0):
 garbage-first heap   total 393216K, used 9835K [0x0000000682400000, 0x0000000800000000)
  region size 4096K, 1 young (4096K), 1 survivors (4096K)
 Metaspace       used 8727K, committed 9024K, reserved 1064960K
  class space    used 1015K, committed 1152K, reserved 1048576K
}
Event: 16.437 GC heap before
{Heap before GC invocations=2 (full 0):
 garbage-first heap   total 393216K, used 42603K [0x0000000682400000, 0x0000000800000000)
  region size 4096K, 9 young (36864K), 1 survivors (4096K)
 Metaspace       used 13155K, committed 13440K, reserved 1064960K
  class space    used 1609K, committed 1728K, reserved 1048576K
}
Event: 16.450 GC heap after
{Heap after GC invocations=3 (full 0):
 garbage-first heap   total 393216K, used 10558K [0x0000000682400000, 0x0000000800000000)
  region size 4096K, 1 young (4096K), 1 survivors (4096K)
 Metaspace       used 13155K, committed 13440K, reserved 1064960K
  class space    used 1609K, committed 1728K, reserved 1048576K
}
Event: 22.062 GC heap before
{Heap before GC invocations=3 (full 0):
 garbage-first heap   total 393216K, used 51518K [0x0000000682400000, 0x0000000800000000)
  region size 4096K, 12 young (49152K), 1 survivors (4096K)
 Metaspace       used 21224K, committed 21504K, reserved 1073152K
  class space    used 2602K, committed 2752K, reserved 1048576K
}
Event: 22.083 GC heap after
{Heap after GC invocations=4 (full 0):
 garbage-first heap   total 393216K, used 13498K [0x0000000682400000, 0x0000000800000000)
  region size 4096K, 2 young (8192K), 2 survivors (8192K)
 Metaspace       used 21224K, committed 21504K, reserved 1073152K
  class space    used 2602K, committed 2752K, reserved 1048576K
}
Event: 31.709 GC heap before
{Heap before GC invocations=5 (full 0):
 garbage-first heap   total 81920K, used 62650K [0x0000000682400000, 0x0000000800000000)
  region size 4096K, 15 young (61440K), 2 survivors (8192K)
 Metaspace       used 24031K, committed 24384K, reserved 1073152K
  class space    used 2889K, committed 3072K, reserved 1048576K
}
Event: 31.727 GC heap after
{Heap after GC invocations=6 (full 0):
 garbage-first heap   total 81920K, used 16172K [0x0000000682400000, 0x0000000800000000)
  region size 4096K, 3 young (12288K), 3 survivors (12288K)
 Metaspace       used 24031K, committed 24384K, reserved 1073152K
  class space    used 2889K, committed 3072K, reserved 1048576K
}
Event: 39.947 GC heap before
{Heap before GC invocations=7 (full 0):
 garbage-first heap   total 81920K, used 53036K [0x0000000682400000, 0x0000000800000000)
  region size 4096K, 12 young (49152K), 3 survivors (12288K)
 Metaspace       used 27657K, committed 28032K, reserved 1081344K
  class space    used 3379K, committed 3584K, reserved 1048576K
}
Event: 39.966 GC heap after
{Heap after GC invocations=8 (full 0):
 garbage-first heap   total 81920K, used 18671K [0x0000000682400000, 0x0000000800000000)
  region size 4096K, 2 young (8192K), 2 survivors (8192K)
 Metaspace       used 27657K, committed 28032K, reserved 1081344K
  class space    used 3379K, committed 3584K, reserved 1048576K
}

