# JRE version: Java(TM) SE Runtime Environment (17.0.2+8) (build 17.0.2+8-LTS-86)
# Java VM: Java HotSpot(TM) 64-Bit Server VM (17.0.2+8-LTS-86, mixed mode, sharing, tiered, compressed oops, compressed class ptrs, g1 gc, windows-amd64)
GC Precious Log:
 CPUs: 8 total, 8 available
 Memory: 24420M
 Large Page Support: Disabled
 NUMA Support: Disabled
 Compressed Oops: Enabled (Zero based)
 Heap Region Size: 4M
 Heap Min Capacity: 8M
 Heap Initial Capacity: 384M
 Heap Max Capacity: 6108M
 Pre-touch: Disabled
 Parallel Workers: 8
 Concurrent Workers: 2
 Concurrent Refinement Workers: 8
 Periodic GC: Disabled
Heap:
 garbage-first heap   total 139264K, used 72904K [0x0000000682400000, 0x0000000800000000)
  region size 4096K, 7 young (28672K), 2 survivors (8192K)
 Metaspace       used 108648K, committed 109312K, reserved 1146880K
  class space    used 14130K, committed 14464K, reserved 1048576K
GC Heap History (20 events):
Event: 26966.028 GC heap before
{Heap before GC invocations=40 (full 0):
 garbage-first heap   total 139264K, used 106215K [0x0000000682400000, 0x0000000800000000)
  region size 4096K, 12 young (49152K), 1 survivors (4096K)
 Metaspace       used 106949K, committed 107712K, reserved 1146880K
  class space    used 14032K, committed 14400K, reserved 1048576K
}
Event: 26966.035 GC heap after
{Heap after GC invocations=41 (full 0):
 garbage-first heap   total 139264K, used 65397K [0x0000000682400000, 0x0000000800000000)
  region size 4096K, 1 young (4096K), 1 survivors (4096K)
 Metaspace       used 106949K, committed 107712K, reserved 1146880K
  class space    used 14032K, committed 14400K, reserved 1048576K
}
Event: 27799.506 GC heap before
{Heap before GC invocations=42 (full 0):
 garbage-first heap   total 139264K, used 110453K [0x0000000682400000, 0x0000000800000000)
  region size 4096K, 12 young (49152K), 1 survivors (4096K)
 Metaspace       used 107115K, committed 107840K, reserved 1146880K
  class space    used 14032K, committed 14400K, reserved 1048576K
}
Event: 27799.512 GC heap after
{Heap after GC invocations=43 (full 0):
 garbage-first heap   total 139264K, used 65526K [0x0000000682400000, 0x0000000800000000)
  region size 4096K, 1 young (4096K), 1 survivors (4096K)
 Metaspace       used 107115K, committed 107840K, reserved 1146880K
  class space    used 14032K, committed 14400K, reserved 1048576K
}
Event: 28975.890 GC heap before
{Heap before GC invocations=43 (full 0):
 garbage-first heap   total 139264K, used 114678K [0x0000000682400000, 0x0000000800000000)
  region size 4096K, 13 young (53248K), 1 survivors (4096K)
 Metaspace       used 107283K, committed 107968K, reserved 1146880K
  class space    used 14032K, committed 14400K, reserved 1048576K
}
Event: 28975.896 GC heap after
{Heap after GC invocations=44 (full 0):
 garbage-first heap   total 139264K, used 65499K [0x0000000682400000, 0x0000000800000000)
  region size 4096K, 1 young (4096K), 1 survivors (4096K)
 Metaspace       used 107283K, committed 107968K, reserved 1146880K
  class space    used 14032K, committed 14400K, reserved 1048576K
}
Event: 29873.982 GC heap before
{Heap before GC invocations=45 (full 0):
 garbage-first heap   total 139264K, used 114651K [0x0000000682400000, 0x0000000800000000)
  region size 4096K, 13 young (53248K), 1 survivors (4096K)
 Metaspace       used 107382K, committed 108096K, reserved 1146880K
  class space    used 14035K, committed 14400K, reserved 1048576K
}
Event: 29873.991 GC heap after
{Heap after GC invocations=46 (full 0):
 garbage-first heap   total 139264K, used 65677K [0x0000000682400000, 0x0000000800000000)
  region size 4096K, 1 young (4096K), 1 survivors (4096K)
 Metaspace       used 107382K, committed 108096K, reserved 1146880K
  class space    used 14035K, committed 14400K, reserved 1048576K
}
Event: 31089.786 GC heap before
{Heap before GC invocations=46 (full 0):
 garbage-first heap   total 139264K, used 114829K [0x0000000682400000, 0x0000000800000000)
  region size 4096K, 13 young (53248K), 1 survivors (4096K)
 Metaspace       used 107640K, committed 108288K, reserved 1146880K
  class space    used 14035K, committed 14400K, reserved 1048576K
}
Event: 31089.792 GC heap after
{Heap after GC invocations=47 (full 0):
 garbage-first heap   total 139264K, used 65484K [0x0000000682400000, 0x0000000800000000)
  region size 4096K, 1 young (4096K), 1 survivors (4096K)
 Metaspace       used 107640K, committed 108288K, reserved 1146880K
  class space    used 14035K, committed 14400K, reserved 1048576K
}
Event: 31982.527 GC heap before
{Heap before GC invocations=48 (full 0):
 garbage-first heap   total 139264K, used 114636K [0x0000000682400000, 0x0000000800000000)
  region size 4096K, 13 young (53248K), 1 survivors (4096K)
 Metaspace       used 107760K, committed 108352K, reserved 1146880K
  class space    used 14035K, committed 14400K, reserved 1048576K
}
Event: 31982.531 GC heap after
{Heap after GC invocations=49 (full 0):
 garbage-first heap   total 139264K, used 65691K [0x0000000682400000, 0x0000000800000000)
  region size 4096K, 1 young (4096K), 1 survivors (4096K)
 Metaspace       used 107760K, committed 108352K, reserved 1146880K
  class space    used 14035K, committed 14400K, reserved 1048576K
}
Event: 33082.551 GC heap before
{Heap before GC invocations=49 (full 0):
 garbage-first heap   total 139264K, used 114843K [0x0000000682400000, 0x0000000800000000)
  region size 4096K, 13 young (53248K), 1 survivors (4096K)
 Metaspace       used 107921K, committed 108608K, reserved 1146880K
  class space    used 14037K, committed 14400K, reserved 1048576K
}
Event: 33082.557 GC heap after
{Heap after GC invocations=50 (full 0):
 garbage-first heap   total 139264K, used 65749K [0x0000000682400000, 0x0000000800000000)
  region size 4096K, 1 young (4096K), 1 survivors (4096K)
 Metaspace       used 107921K, committed 108608K, reserved 1146880K
  class space    used 14037K, committed 14400K, reserved 1048576K
}
Event: 34143.457 GC heap before
{Heap before GC invocations=51 (full 0):
 garbage-first heap   total 139264K, used 114901K [0x0000000682400000, 0x0000000800000000)
  region size 4096K, 13 young (53248K), 1 survivors (4096K)
 Metaspace       used 107987K, committed 108672K, reserved 1146880K
  class space    used 14037K, committed 14400K, reserved 1048576K
}
Event: 34143.464 GC heap after
{Heap after GC invocations=52 (full 0):
 garbage-first heap   total 139264K, used 65603K [0x0000000682400000, 0x0000000800000000)
  region size 4096K, 1 young (4096K), 1 survivors (4096K)
 Metaspace       used 107987K, committed 108672K, reserved 1146880K
  class space    used 14037K, committed 14400K, reserved 1048576K
}
Event: 34732.984 GC heap before
{Heap before GC invocations=52 (full 0):
 garbage-first heap   total 139264K, used 94275K [0x0000000682400000, 0x0000000800000000)
  region size 4096K, 9 young (36864K), 1 survivors (4096K)
 Metaspace       used 108499K, committed 109184K, reserved 1146880K
  class space    used 14116K, committed 14464K, reserved 1048576K
}
Event: 34733.838 GC heap after
{Heap after GC invocations=53 (full 1):
 garbage-first heap   total 139264K, used 51617K [0x0000000682400000, 0x0000000800000000)
  region size 4096K, 0 young (0K), 0 survivors (0K)
 Metaspace       used 108493K, committed 109184K, reserved 1146880K
  class space    used 14115K, committed 14464K, reserved 1048576K
}
Event: 34767.046 GC heap before
{Heap before GC invocations=53 (full 1):
 garbage-first heap   total 139264K, used 117153K [0x0000000682400000, 0x0000000800000000)
  region size 4096K, 16 young (65536K), 0 survivors (0K)
 Metaspace       used 108613K, committed 109248K, reserved 1146880K
  class space    used 14127K, committed 14464K, reserved 1048576K
}
Event: 34767.054 GC heap after
{Heap after GC invocations=54 (full 1):
 garbage-first heap   total 139264K, used 56520K [0x0000000682400000, 0x0000000800000000)
  region size 4096K, 2 young (8192K), 2 survivors (8192K)
 Metaspace       used 108613K, committed 109248K, reserved 1146880K
  class space    used 14127K, committed 14464K, reserved 1048576K
}

