# JRE version: Java(TM) SE Runtime Environment (17.0.2+8) (build 17.0.2+8-LTS-86)
# Java VM: Java HotSpot(TM) 64-Bit Server VM (17.0.2+8-LTS-86, mixed mode, sharing, tiered, compressed oops, compressed class ptrs, g1 gc, windows-amd64)
GC Precious Log:
 CPUs: 8 total, 8 available
 Memory: 24420M
 Large Page Support: Disabled
 NUMA Support: Disabled
 Compressed Oops: Enabled (Zero based)
 Heap Region Size: 4M
 Heap Min Capacity: 8M
 Heap Initial Capacity: 384M
 Heap Max Capacity: 6108M
 Pre-touch: Disabled
 Parallel Workers: 8
 Concurrent Workers: 2
 Concurrent Refinement Workers: 8
 Periodic GC: Disabled
Heap:
 garbage-first heap   total 81920K, used 37959K [0x0000000682400000, 0x0000000800000000)
  region size 4096K, 6 young (24576K), 2 survivors (8192K)
 Metaspace       used 37017K, committed 37504K, reserved 1089536K
  class space    used 4744K, committed 4992K, reserved 1048576K
GC Heap History (18 events):
Event: 6.774 GC heap before
{Heap before GC invocations=0 (full 0):
 garbage-first heap   total 393216K, used 16384K [0x0000000682400000, 0x0000000800000000)
  region size 4096K, 5 young (20480K), 0 survivors (0K)
 Metaspace       used 5327K, committed 5504K, reserved 1056768K
  class space    used 567K, committed 640K, reserved 1048576K
}
Event: 8.818 GC heap after
{Heap after GC invocations=1 (full 0):
 garbage-first heap   total 393216K, used 9990K [0x0000000682400000, 0x0000000800000000)
  region size 4096K, 1 young (4096K), 1 survivors (4096K)
 Metaspace       used 5327K, committed 5504K, reserved 1056768K
  class space    used 567K, committed 640K, reserved 1048576K
}
Event: 12.705 GC heap before
{Heap before GC invocations=1 (full 0):
 garbage-first heap   total 393216K, used 22278K [0x0000000682400000, 0x0000000800000000)
  region size 4096K, 4 young (16384K), 1 survivors (4096K)
 Metaspace       used 8686K, committed 8960K, reserved 1064960K
  class space    used 1010K, committed 1152K, reserved 1048576K
}
Event: 12.715 GC heap after
{Heap after GC invocations=2 (full 0):
 garbage-first heap   total 393216K, used 11382K [0x0000000682400000, 0x0000000800000000)
  region size 4096K, 1 young (4096K), 1 survivors (4096K)
 Metaspace       used 8686K, committed 8960K, reserved 1064960K
  class space    used 1010K, committed 1152K, reserved 1048576K
}
Event: 20.544 GC heap before
{Heap before GC invocations=2 (full 0):
 garbage-first heap   total 393216K, used 35958K [0x0000000682400000, 0x0000000800000000)
  region size 4096K, 8 young (32768K), 1 survivors (4096K)
 Metaspace       used 12017K, committed 12288K, reserved 1064960K
  class space    used 1440K, committed 1600K, reserved 1048576K
}
Event: 20.550 GC heap after
{Heap after GC invocations=3 (full 0):
 garbage-first heap   total 393216K, used 12694K [0x0000000682400000, 0x0000000800000000)
  region size 4096K, 1 young (4096K), 1 survivors (4096K)
 Metaspace       used 12017K, committed 12288K, reserved 1064960K
  class space    used 1440K, committed 1600K, reserved 1048576K
}
Event: 46.068 GC heap before
{Heap before GC invocations=3 (full 0):
 garbage-first heap   total 393216K, used 61846K [0x0000000682400000, 0x0000000800000000)
  region size 4096K, 14 young (57344K), 1 survivors (4096K)
 Metaspace       used 21208K, committed 21504K, reserved 1073152K
  class space    used 2608K, committed 2752K, reserved 1048576K
}
Event: 46.078 GC heap after
{Heap after GC invocations=4 (full 0):
 garbage-first heap   total 393216K, used 16180K [0x0000000682400000, 0x0000000800000000)
  region size 4096K, 2 young (8192K), 2 survivors (8192K)
 Metaspace       used 21208K, committed 21504K, reserved 1073152K
  class space    used 2608K, committed 2752K, reserved 1048576K
}
Event: 53.425 GC heap before
{Heap before GC invocations=5 (full 0):
 garbage-first heap   total 81920K, used 57140K [0x0000000682400000, 0x0000000800000000)
  region size 4096K, 12 young (49152K), 2 survivors (8192K)
 Metaspace       used 24135K, committed 24512K, reserved 1073152K
  class space    used 2903K, committed 3072K, reserved 1048576K
}
Event: 53.439 GC heap after
{Heap after GC invocations=6 (full 0):
 garbage-first heap   total 81920K, used 19453K [0x0000000682400000, 0x0000000800000000)
  region size 4096K, 2 young (8192K), 2 survivors (8192K)
 Metaspace       used 24135K, committed 24512K, reserved 1073152K
  class space    used 2903K, committed 3072K, reserved 1048576K
}
Event: 54.159 GC heap before
{Heap before GC invocations=6 (full 0):
 garbage-first heap   total 81920K, used 23549K [0x0000000682400000, 0x0000000800000000)
  region size 4096K, 3 young (12288K), 2 survivors (8192K)
 Metaspace       used 24243K, committed 24576K, reserved 1073152K
  class space    used 2917K, committed 3072K, reserved 1048576K
}
Event: 54.170 GC heap after
{Heap after GC invocations=7 (full 0):
 garbage-first heap   total 81920K, used 20135K [0x0000000682400000, 0x0000000800000000)
  region size 4096K, 1 young (4096K), 1 survivors (4096K)
 Metaspace       used 24243K, committed 24576K, reserved 1073152K
  class space    used 2917K, committed 3072K, reserved 1048576K
}
Event: 60.991 GC heap before
{Heap before GC invocations=7 (full 0):
 garbage-first heap   total 81920K, used 52903K [0x0000000682400000, 0x0000000800000000)
  region size 4096K, 9 young (36864K), 1 survivors (4096K)
 Metaspace       used 27418K, committed 27776K, reserved 1081344K
  class space    used 3327K, committed 3520K, reserved 1048576K
}
Event: 60.998 GC heap after
{Heap after GC invocations=8 (full 0):
 garbage-first heap   total 81920K, used 21514K [0x0000000682400000, 0x0000000800000000)
  region size 4096K, 1 young (4096K), 1 survivors (4096K)
 Metaspace       used 27418K, committed 27776K, reserved 1081344K
  class space    used 3327K, committed 3520K, reserved 1048576K
}
Event: 65.919 GC heap before
{Heap before GC invocations=8 (full 0):
 garbage-first heap   total 81920K, used 54282K [0x0000000682400000, 0x0000000800000000)
  region size 4096K, 9 young (36864K), 1 survivors (4096K)
 Metaspace       used 31118K, committed 31488K, reserved 1081344K
  class space    used 3968K, committed 4160K, reserved 1048576K
}
Event: 65.926 GC heap after
{Heap after GC invocations=9 (full 0):
 garbage-first heap   total 81920K, used 23327K [0x0000000682400000, 0x0000000800000000)
  region size 4096K, 2 young (8192K), 2 survivors (8192K)
 Metaspace       used 31118K, committed 31488K, reserved 1081344K
  class space    used 3968K, committed 4160K, reserved 1048576K
}
Event: 72.386 GC heap before
{Heap before GC invocations=9 (full 0):
 garbage-first heap   total 81920K, used 47903K [0x0000000682400000, 0x0000000800000000)
  region size 4096K, 9 young (36864K), 2 survivors (8192K)
 Metaspace       used 35702K, committed 36096K, reserved 1081344K
  class space    used 4566K, committed 4800K, reserved 1048576K
}
Event: 72.397 GC heap after
{Heap after GC invocations=10 (full 0):
 garbage-first heap   total 81920K, used 25671K [0x0000000682400000, 0x0000000800000000)
  region size 4096K, 2 young (8192K), 2 survivors (8192K)
 Metaspace       used 35702K, committed 36096K, reserved 1081344K
  class space    used 4566K, committed 4800K, reserved 1048576K
}

